[    0.000000] Initializing cgroup subsys cpuset
[    0.000000] Initializing cgroup subsys cpu
[    0.000000] Initializing cgroup subsys cpuacct
[    0.000000] Linux version 4.4.0-210-generic (buildd@lgw01-amd64-009) (gcc version 5.4.0 20160609 (Ubuntu 5.4.0-6ubuntu1~16.04.12) ) #242-Ubuntu SMP Fri Apr 16 09:57:56 UTC 2021 (Ubuntu 4.4.0-210.242-generic 4.4.262)
[    0.000000] Command line: BOOT_IMAGE=/boot/vmlinuz-4.4.0-210-generic root=LABEL=cloudimg-rootfs ro console=tty1 console=ttyS0
[    0.000000] KERNEL supported cpus:
[    0.000000]   Intel GenuineIntel
[    0.000000]   AMD AuthenticAMD
[    0.000000]   Centaur CentaurHauls
[    0.000000] x86/fpu: xstate_offset[2]:  576, xstate_sizes[2]:  256
[    0.000000] x86/fpu: Supporting XSAVE feature 0x01: 'x87 floating point registers'
[    0.000000] x86/fpu: Supporting XSAVE feature 0x02: 'SSE registers'
[    0.000000] x86/fpu: Supporting XSAVE feature 0x04: 'AVX registers'
[    0.000000] x86/fpu: Enabled xstate features 0x7, context size is 832 bytes, using 'standard' format.
[    0.000000] e820: BIOS-provided physical RAM map:
[    0.000000] BIOS-e820: [mem 0x0000000000000000-0x000000000009fbff] usable
[    0.000000] BIOS-e820: [mem 0x000000000009fc00-0x000000000009ffff] reserved
[    0.000000] BIOS-e820: [mem 0x00000000000f0000-0x00000000000fffff] reserved
[    0.000000] BIOS-e820: [mem 0x0000000000100000-0x000000003ffeffff] usable
[    0.000000] BIOS-e820: [mem 0x000000003fff0000-0x000000003fffffff] ACPI data
[    0.000000] BIOS-e820: [mem 0x00000000fec00000-0x00000000fec00fff] reserved
[    0.000000] BIOS-e820: [mem 0x00000000fee00000-0x00000000fee00fff] reserved
[    0.000000] BIOS-e820: [mem 0x00000000fffc0000-0x00000000ffffffff] reserved
[    0.000000] NX (Execute Disable) protection: active
[    0.000000] SMBIOS 2.5 present.
[    0.000000] Hypervisor detected: KVM
[    0.000000] e820: last_pfn = 0x3fff0 max_arch_pfn = 0x400000000
[    0.000000] MTRR: Disabled
[    0.000000] x86/PAT: MTRRs disabled, skipping PAT initialization too.
[    0.000000] CPU MTRRs all blank - virtualized system.
[    0.000000] x86/PAT: Configuration [0-7]: WB  WT  UC- UC  WB  WT  UC- UC  
[    0.000000] found SMP MP-table at [mem 0x0009fff0-0x0009ffff] mapped at [ffff88000009fff0]
[    0.000000] Scanning 1 areas for low memory corruption
[    0.000000] RAMDISK: [mem 0x362dc000-0x37165fff]
[    0.000000] ACPI: Early table checksum verification disabled
[    0.000000] ACPI: RSDP 0x00000000000E0000 000024 (v02 VBOX  )
[    0.000000] ACPI: XSDT 0x000000003FFF0030 00003C (v01 VBOX   VBOXXSDT 00000001 ASL  00000061)
[    0.000000] ACPI: FACP 0x000000003FFF00F0 0000F4 (v04 VBOX   VBOXFACP 00000001 ASL  00000061)
[    0.000000] ACPI: DSDT 0x000000003FFF0610 002353 (v02 VBOX   VBOXBIOS 00000002 INTL 20200925)
[    0.000000] ACPI: FACS 0x000000003FFF0200 000040
[    0.000000] ACPI: FACS 0x000000003FFF0200 000040
[    0.000000] ACPI: APIC 0x000000003FFF0240 00005C (v02 VBOX   VBOXAPIC 00000001 ASL  00000061)
[    0.000000] ACPI: SSDT 0x000000003FFF02A0 00036C (v01 VBOX   VBOXCPUT 00000002 INTL 20200925)
[    0.000000] No NUMA configuration found
[    0.000000] Faking a node at [mem 0x0000000000000000-0x000000003ffeffff]
[    0.000000] NODE_DATA(0) allocated [mem 0x3ffeb000-0x3ffeffff]
[    0.000000] kvm-clock: Using msrs 4b564d01 and 4b564d00
[    0.000000] kvm-clock: cpu 0, msr 0:3ffe3001, primary cpu clock
[    0.000000] kvm-clock: using sched offset of 3476379927 cycles
[    0.000000] clocksource: kvm-clock: mask: 0xffffffffffffffff max_cycles: 0x1cd42e4dffb, max_idle_ns: 881590591483 ns
[    0.000000] Zone ranges:
[    0.000000]   DMA      [mem 0x0000000000001000-0x0000000000ffffff]
[    0.000000]   DMA32    [mem 0x0000000001000000-0x000000003ffeffff]
[    0.000000]   Normal   empty
[    0.000000]   Device   empty
[    0.000000] Movable zone start for each node
[    0.000000] Early memory node ranges
[    0.000000]   node   0: [mem 0x0000000000001000-0x000000000009efff]
[    0.000000]   node   0: [mem 0x0000000000100000-0x000000003ffeffff]
[    0.000000] Initmem setup node 0 [mem 0x0000000000001000-0x000000003ffeffff]
[    0.000000] ACPI: PM-Timer IO Port: 0x4008
[    0.000000] IOAPIC[0]: apic_id 2, version 32, address 0xfec00000, GSI 0-23
[    0.000000] ACPI: INT_SRC_OVR (bus 0 bus_irq 0 global_irq 2 dfl dfl)
[    0.000000] ACPI: INT_SRC_OVR (bus 0 bus_irq 9 global_irq 9 low level)
[    0.000000] Using ACPI (MADT) for SMP configuration information
[    0.000000] smpboot: Allowing 2 CPUs, 0 hotplug CPUs
[    0.000000] PM: Registered nosave memory: [mem 0x00000000-0x00000fff]
[    0.000000] PM: Registered nosave memory: [mem 0x0009f000-0x0009ffff]
[    0.000000] PM: Registered nosave memory: [mem 0x000a0000-0x000effff]
[    0.000000] PM: Registered nosave memory: [mem 0x000f0000-0x000fffff]
[    0.000000] e820: [mem 0x40000000-0xfebfffff] available for PCI devices
[    0.000000] Booting paravirtualized kernel on KVM
[    0.000000] clocksource: refined-jiffies: mask: 0xffffffff max_cycles: 0xffffffff, max_idle_ns: 7645519600211568 ns
[    0.000000] setup_percpu: NR_CPUS:512 nr_cpumask_bits:512 nr_cpu_ids:2 nr_node_ids:1
[    0.000000] PERCPU: Embedded 33 pages/cpu @ffff88003fc00000 s95192 r8192 d31784 u1048576
[    0.000000] Built 1 zonelists in Node order, mobility grouping on.  Total pages: 257912
[    0.000000] Policy zone: DMA32
[    0.000000] Kernel command line: BOOT_IMAGE=/boot/vmlinuz-4.4.0-210-generic root=LABEL=cloudimg-rootfs ro console=tty1 console=ttyS0
[    0.000000] PID hash table entries: 4096 (order: 3, 32768 bytes)
[    0.000000] Memory: 997792K/1048120K available (8644K kernel code, 1332K rwdata, 4044K rodata, 1492K init, 1164K bss, 50328K reserved, 0K cma-reserved)
[    0.000000] SLUB: HWalign=64, Order=0-3, MinObjects=0, CPUs=2, Nodes=1
[    0.000000] Kernel/User page tables isolation: enabled
[    0.000000] Hierarchical RCU implementation.
[    0.000000] 	Build-time adjustment of leaf fanout to 64.
[    0.000000] 	RCU restricting CPUs from NR_CPUS=512 to nr_cpu_ids=2.
[    0.000000] RCU: Adjusting geometry for rcu_fanout_leaf=64, nr_cpu_ids=2
[    0.000000] NR_IRQS:33024 nr_irqs:440 16
[    0.000000] Console: colour VGA+ 80x25
[    0.000000] console [tty1] enabled
[    0.000000] console [ttyS0] enabled
[    0.000000] tsc: Detected 2172.352 MHz processor
[    0.216665] Calibrating delay loop (skipped) preset value.. 4344.70 BogoMIPS (lpj=8689408)
[    0.220182] pid_max: default: 32768 minimum: 301
[    0.222901] ACPI: Core revision 20150930
[    0.225185] ACPI: 2 ACPI AML tables successfully acquired and loaded
[    0.226588] Security Framework initialized
[    0.227432] Yama: becoming mindful.
[    0.228249] AppArmor: AppArmor initialized
[    0.229208] Dentry cache hash table entries: 131072 (order: 8, 1048576 bytes)
[    0.243577] Inode-cache hash table entries: 65536 (order: 7, 524288 bytes)
[    0.246115] Mount-cache hash table entries: 2048 (order: 2, 16384 bytes)
[    0.247493] Mountpoint-cache hash table entries: 2048 (order: 2, 16384 bytes)
[    0.249187] Initializing cgroup subsys io
[    0.250455] Initializing cgroup subsys memory
[    0.257380] Initializing cgroup subsys devices
[    0.259116] Initializing cgroup subsys freezer
[    0.260565] Initializing cgroup subsys net_cls
[    0.261800] Initializing cgroup subsys perf_event
[    0.263223] Initializing cgroup subsys net_prio
[    0.264340] Initializing cgroup subsys hugetlb
[    0.265478] Initializing cgroup subsys pids
[    0.275288] mce: CPU supports 0 MCE banks
[    0.276897] Last level iTLB entries: 4KB 64, 2MB 8, 4MB 8
[    0.278231] Last level dTLB entries: 4KB 64, 2MB 0, 4MB 0, 1GB 4
[    0.279727] Spectre V1 : Mitigation: usercopy/swapgs barriers and __user pointer sanitization
[    0.281811] Spectre V2 : Mitigation: Full generic retpoline
[    0.283162] Spectre V2 : Spectre v2 / SpectreRSB mitigation: Filling RSB on context switch
[    0.285688] Speculative Store Bypass: Vulnerable
[    0.290823] SRBDS: Unknown: Dependent on hypervisor status
[    0.292883] MDS: Mitigation: Clear CPU buffers
[    0.297358] Freeing SMP alternatives memory: 36K
[    0.304960] ftrace: allocating 32380 entries in 127 pages
[    0.447204] smpboot: APIC(0) Converting physical 0 to logical package 0
[    0.449197] smpboot: Max logical packages: 1
[    0.450580] x2apic enabled
[    0.451691] Switched APIC routing to physical x2apic.
[    0.455897] ..TIMER: vector=0x30 apic1=0 pin1=2 apic2=-1 pin2=-1
[    0.568258] smpboot: CPU0: Intel(R) Core(TM) i5-5200U CPU @ 2.20GHz (family: 0x6, model: 0x3d, stepping: 0x4)
[    0.573664] Performance Events: unsupported p6 CPU model 61 no PMU driver, software events only.
[    0.591489] KVM setup paravirtual spinlock
[    0.595096] x86: Booting SMP configuration:
[    0.596652] .... node  #0, CPUs:      #1
[    0.598472] kvm-clock: cpu 1, msr 0:3ffe3041, secondary cpu clock
[    0.612416] mce: CPU supports 0 MCE banks
[    0.615691] x86: Booted up 1 node, 2 CPUs
[    0.617671] smpboot: Total of 2 processors activated (8689.40 BogoMIPS)
[    0.624889] devtmpfs: initialized
[    0.630777] evm: security.selinux
[    0.631994] evm: security.SMACK64
[    0.633090] evm: security.SMACK64EXEC
[    0.634297] evm: security.SMACK64TRANSMUTE
[    0.635586] evm: security.SMACK64MMAP
[    0.636403] evm: security.ima
[    0.637117] evm: security.capability
[    0.638302] clocksource: jiffies: mask: 0xffffffff max_cycles: 0xffffffff, max_idle_ns: 7645041785100000 ns
[    0.641016] futex hash table entries: 512 (order: 3, 32768 bytes)
[    0.643654] pinctrl core: initialized pinctrl subsystem
[    0.645104] RTC time: 11:11:26, date: 06/28/23
[    0.646502] NET: Registered protocol family 16
[    0.659259] cpuidle: using governor ladder
[    0.675217] cpuidle: using governor menu
[    0.676802] PCCT header not found.
[    0.677814] ACPI: bus type PCI registered
[    0.678806] acpiphp: ACPI Hot Plug PCI Controller Driver version: 0.5
[    0.680212] PCI: Using configuration type 1 for base access
[    0.693805] ACPI: Added _OSI(Module Device)
[    0.697117] ACPI: Added _OSI(Processor Device)
[    0.698563] ACPI: Added _OSI(3.0 _SCP Extensions)
[    0.699733] ACPI: Added _OSI(Processor Aggregator Device)
[    0.701749] ACPI: Executed 1 blocks of module-level executable AML code
[    0.706367] ACPI: Interpreter enabled
[    0.709109] ACPI: (supports S0 S5)
[    0.711647] ACPI: Using IOAPIC for interrupt routing
[    0.713463] PCI: Using host bridge windows from ACPI; if necessary, use "pci=nocrs" and report a bug
[    0.722770] ACPI: PCI Root Bridge [PCI0] (domain 0000 [bus 00-ff])
[    0.730121] acpi PNP0A03:00: _OSC: OS supports [ASPM ClockPM Segments MSI]
[    0.733117] acpi PNP0A03:00: _OSC: not requesting OS control; OS requires [ExtendedConfig ASPM ClockPM MSI]
[    0.735947] acpi PNP0A03:00: fail to add MMCONFIG information, can't access extended PCI configuration space under this bridge.
[    0.739744] PCI host bridge to bus 0000:00
[    0.741672] pci_bus 0000:00: root bus resource [io  0x0000-0x0cf7 window]
[    0.744059] pci_bus 0000:00: root bus resource [io  0x0d00-0xffff window]
[    0.746260] pci_bus 0000:00: root bus resource [mem 0x000a0000-0x000bffff window]
[    0.748681] pci_bus 0000:00: root bus resource [mem 0x40000000-0xfdffffff window]
[    0.750666] pci_bus 0000:00: root bus resource [bus 00-ff]
[    0.754634] pci 0000:00:01.1: legacy IDE quirk: reg 0x10: [io  0x01f0-0x01f7]
[    0.759900] pci 0000:00:01.1: legacy IDE quirk: reg 0x14: [io  0x03f6]
[    0.764594] pci 0000:00:01.1: legacy IDE quirk: reg 0x18: [io  0x0170-0x0177]
[    0.780352] pci 0000:00:01.1: legacy IDE quirk: reg 0x1c: [io  0x0376]
[    0.815737] pci 0000:00:07.0: quirk: [io  0x4000-0x403f] claimed by PIIX4 ACPI
[    0.818562] pci 0000:00:07.0: quirk: [io  0x4100-0x410f] claimed by PIIX4 SMB
[    0.851405] ACPI: PCI Interrupt Link [LNKA] (IRQs 5 9 10 *11)
[    0.855025] ACPI: PCI Interrupt Link [LNKB] (IRQs 5 9 *10 11)
[    0.874337] ACPI: PCI Interrupt Link [LNKC] (IRQs 5 *9 10 11)
[    0.884230] ACPI: PCI Interrupt Link [LNKD] (IRQs 5 9 10 *11)
[    0.893787] ACPI: Enabled 2 GPEs in block 00 to 07
[    0.896644] vgaarb: setting as boot device: PCI:0000:00:02.0
[    0.898786] vgaarb: device added: PCI:0000:00:02.0,decodes=io+mem,owns=io+mem,locks=none
[    0.903214] vgaarb: loaded
[    0.904971] vgaarb: bridge control possible 0000:00:02.0
[    0.910763] SCSI subsystem initialized
[    0.917021] ACPI: bus type USB registered
[    0.919760] usbcore: registered new interface driver usbfs
[    0.921291] usbcore: registered new interface driver hub
[    0.922909] usbcore: registered new device driver usb
[    0.947394] PCI: Using ACPI for IRQ routing
[    0.950617] NetLabel: Initializing
[    0.951672] NetLabel:  domain hash size = 128
[    0.952845] NetLabel:  protocols = UNLABELED CIPSOv4
[    0.954904] NetLabel:  unlabeled traffic allowed by default
[    0.956612] amd_nb: Cannot enumerate AMD northbridges
[    0.959130] clocksource: Switched to clocksource kvm-clock
[    1.004136] AppArmor: AppArmor Filesystem Enabled
[    1.006273] pnp: PnP ACPI init
[    1.010710] pnp: PnP ACPI: found 3 devices
[    1.033455] clocksource: acpi_pm: mask: 0xffffff max_cycles: 0xffffff, max_idle_ns: 2085701024 ns
[    1.038213] NET: Registered protocol family 2
[    1.041769] TCP established hash table entries: 8192 (order: 4, 65536 bytes)
[    1.047448] TCP bind hash table entries: 8192 (order: 5, 131072 bytes)
[    1.051186] TCP: Hash tables configured (established 8192 bind 8192)
[    1.053664] UDP hash table entries: 512 (order: 2, 16384 bytes)
[    1.055502] UDP-Lite hash table entries: 512 (order: 2, 16384 bytes)
[    1.057396] NET: Registered protocol family 1
[    1.059226] pci 0000:00:00.0: Limiting direct PCI/PCI transfers
[    1.065185] pci 0000:00:01.0: Activating ISA DMA hang workarounds
[    1.067712] Unpacking initramfs...
[    1.790727] Freeing initrd memory: 14888K
[    1.792953] RAPL PMU detected, API unit is 2^-32 Joules, 4 fixed counters 10737418240 ms ovfl timer
[    1.797402] hw unit of domain pp0-core 2^-0 Joules
[    1.799010] hw unit of domain package 2^-0 Joules
[    1.803394] hw unit of domain dram 2^-0 Joules
[    1.807782] hw unit of domain pp1-gpu 2^-0 Joules
[    1.810926] clocksource: tsc: mask: 0xffffffffffffffff max_cycles: 0x1f502cc4616, max_idle_ns: 440795219458 ns
[    1.814713] platform rtc_cmos: registered platform RTC device (no PNP device found)
[    1.817489] Scanning for low memory corruption every 60 seconds
[    1.824265] audit: initializing netlink subsys (disabled)
[    1.826288] audit: type=2000 audit(1687950691.683:1): initialized
[    1.827824] Initialise system trusted keyring
[    1.828968] HugeTLB registered 2 MB page size, pre-allocated 0 pages
[    1.831733] zbud: loaded
[    1.832799] VFS: Disk quotas dquot_6.6.0
[    1.833982] VFS: Dquot-cache hash table entries: 512 (order 0, 4096 bytes)
[    1.837932] squashfs: version 4.0 (2009/01/31) Phillip Lougher
[    1.842191] fuse init (API version 7.23)
[    1.845120] Key type big_key registered
[    1.847522] Allocating IMA MOK and blacklist keyrings.
[    1.858236] Key type asymmetric registered
[    1.860246] Asymmetric key parser 'x509' registered
[    1.861618] Block layer SCSI generic (bsg) driver version 0.4 loaded (major 249)
[    1.863833] io scheduler noop registered
[    1.865090] io scheduler deadline registered (default)
[    1.866722] io scheduler cfq registered
[    1.869559] pci_hotplug: PCI Hot Plug PCI Core version: 0.5
[    1.871590] pciehp: PCI Express Hot Plug Controller Driver version: 0.4
[    1.875459] ACPI: AC Adapter [AC] (on-line)
[    1.876923] input: Power Button as /devices/LNXSYSTM:00/LNXPWRBN:00/input/input0
[    1.879009] ACPI: Power Button [PWRF]
[    1.880252] input: Sleep Button as /devices/LNXSYSTM:00/LNXSLPBN:00/input/input1
[    1.882198] ACPI: Sleep Button [SLPF]
[    1.883570] GHES: HEST is not enabled!
[    1.884309] ACPI: Battery Slot [BAT0] (battery present)
[    1.886551] Serial: 8250/16550 driver, 32 ports, IRQ sharing enabled
[    1.910149] 00:02: ttyS0 at I/O 0x3f8 (irq = 4, base_baud = 115200) is a 16550A
[    1.913812] Linux agpgart interface v0.103
[    1.916663] loop: module loaded
[    1.918366] scsi host0: ata_piix
[    1.920004] scsi host1: ata_piix
[    1.921045] ata1: PATA max UDMA/33 cmd 0x1f0 ctl 0x3f6 bmdma 0xd000 irq 14
[    1.922939] ata2: PATA max UDMA/33 cmd 0x170 ctl 0x376 bmdma 0xd008 irq 15
[    1.925102] libphy: Fixed MDIO Bus: probed
[    1.926242] tun: Universal TUN/TAP device driver, 1.6
[    1.927684] tun: (C) 1999-2004 Max Krasnyansky <maxk@qualcomm.com>
[    1.929199] PPP generic driver version 2.4.2
[    1.930276] ehci_hcd: USB 2.0 'Enhanced' Host Controller (EHCI) Driver
[    1.931821] ehci-pci: EHCI PCI platform driver
[    1.932956] ehci-platform: EHCI generic platform driver
[    1.934340] ohci_hcd: USB 1.1 'Open' Host Controller (OHCI) Driver
[    1.936909] ohci-pci: OHCI PCI platform driver
[    1.940361] ohci-platform: OHCI generic platform driver
[    1.942290] uhci_hcd: USB Universal Host Controller Interface driver
[    1.944566] i8042: PNP: PS/2 Controller [PNP0303:PS2K,PNP0f03:PS2M] at 0x60,0x64 irq 1,12
[    1.948464] serio: i8042 KBD port at 0x60,0x64 irq 1
[    1.949496] serio: i8042 AUX port at 0x60,0x64 irq 12
[    1.950714] mousedev: PS/2 mouse device common for all mice
[    1.952941] input: AT Translated Set 2 keyboard as /devices/platform/i8042/serio0/input/input2
[    1.956945] rtc_cmos rtc_cmos: rtc core: registered rtc_cmos as rtc0
[    1.958283] rtc_cmos rtc_cmos: alarms up to one day, 114 bytes nvram
[    1.959641] i2c /dev entries driver
[    1.960736] device-mapper: uevent: version 1.0.3
[    1.962070] device-mapper: ioctl: 4.34.0-ioctl (2015-10-28) initialised: dm-devel@redhat.com
[    1.964253] ledtrig-cpu: registered to indicate activity on CPUs
[    1.966169] NET: Registered protocol family 10
[    1.968411] NET: Registered protocol family 17
[    1.971436] Key type dns_resolver registered
[    1.976681] registered taskstats version 1
[    1.978088] Loading compiled-in X.509 certificates
[    1.980437] Loaded X.509 cert 'Build time autogenerated kernel key: cf00e047681d67edb2720680708b7d9498083038'
[    1.982922] zswap: loaded using pool lzo/zbud
[    1.986968] Key type trusted registered
[    1.992753] Key type encrypted registered
[    1.993857] AppArmor: AppArmor sha1 policy hashing enabled
[    1.995272] ima: No TPM chip found, activating TPM-bypass!
[    1.996501] ima: Allocated hash algorithm: sha1
[    1.997421] evm: HMAC attrs: 0x1
[    1.998489]   Magic number: 11:885:176
[    1.999487] rtc_cmos rtc_cmos: setting system clock to 2023-06-28 11:11:27 UTC (1687950687)
[    2.001508] BIOS EDD facility v0.16 2004-Jun-25, 0 devices found
[    2.003073] EDD information not available.
[    2.108126] Freeing unused kernel memory: 1492K
[    2.109887] Write protecting the kernel read-only data: 14336k
[    2.112408] Freeing unused kernel memory: 1584K
[    2.113933] Freeing unused kernel memory: 52K
Loading, please wait...
starting version 229
[    2.134365] random: systemd-udevd: uninitialized urandom read (16 bytes read, 3 bits of entropy available)
[    2.135559] random: udevadm: uninitialized urandom read (16 bytes read, 3 bits of entropy available)
[    2.135600] random: udevadm: uninitialized urandom read (16 bytes read, 3 bits of entropy available)
[    2.148850] random: systemd-udevd: uninitialized urandom read (16 bytes read, 3 bits of entropy available)
[    2.152461] random: udevadm: uninitialized urandom read (16 bytes read, 3 bits of entropy available)
[    2.152520] random: udevadm: uninitialized urandom read (16 bytes read, 3 bits of entropy available)
[    2.152765] random: udevadm: uninitialized urandom read (16 bytes read, 3 bits of entropy available)
[    2.152871] random: udevadm: uninitialized urandom read (16 bytes read, 3 bits of entropy available)
[    2.152974] random: udevadm: uninitialized urandom read (16 bytes read, 3 bits of entropy available)
[    2.153073] random: udevadm: uninitialized urandom read (16 bytes read, 3 bits of entropy available)
[    2.236933] Fusion MPT base driver 3.04.20
[    2.239629] Copyright (c) 1999-2008 LSI Corporation
[    2.256749] e1000: Intel(R) PRO/1000 Network Driver - version 7.3.21-k8-NAPI
[    2.258776] e1000: Copyright (c) 1999-2006 Intel Corporation.
[    2.285993] AVX2 version of gcm_enc/dec engaged.
[    2.287434] AES CTR mode by8 optimization enabled
[    2.316748] Fusion MPT SPI Host driver 3.04.20
[    2.546647] input: ImExPS/2 Generic Explorer Mouse as /devices/platform/i8042/serio1/input/input4
[    2.683539] e1000 0000:00:03.0 eth0: (PCI:33MHz:32-bit) 02:be:82:6b:cc:1d
[    2.685905] e1000 0000:00:03.0 eth0: Intel(R) PRO/1000 Network Connection
[    2.688276] mptbase: ioc0: Initiating bringup
[    2.851962] ioc0: LSI53C1030 A0: Capabilities={Initiator}
[    4.680549] scsi host2: ioc0: LSI53C1030 A0, FwRev=00000000h, Ports=1, MaxQ=256, IRQ=20
[    5.525695] scsi 2:0:0:0: Direct-Access     VBOX     HARDDISK         1.0  PQ: 0 ANSI: 5
[    5.528480] scsi target2:0:0: Beginning Domain Validation
[    5.531402] scsi target2:0:0: Domain Validation skipping write tests
[    5.532689] scsi target2:0:0: Ending Domain Validation
[    5.533906] scsi target2:0:0: asynchronous
[    5.550138] scsi 2:0:1:0: Direct-Access     VBOX     HARDDISK         1.0  PQ: 0 ANSI: 5
[    5.551959] scsi target2:0:1: Beginning Domain Validation
[    5.554616] scsi target2:0:1: Domain Validation skipping write tests
[    5.557338] scsi target2:0:1: Ending Domain Validation
[    5.559328] scsi target2:0:1: asynchronous
[    5.578776] sd 2:0:0:0: Attached scsi generic sg0 type 0
[    5.581476] sd 2:0:1:0: Attached scsi generic sg1 type 0
[    5.583252] sd 2:0:0:0: [sda] 83886080 512-byte logical blocks: (42.9 GB/40.0 GiB)
[    5.585586] sd 2:0:1:0: [sdb] 20480 512-byte logical blocks: (10.5 MB/10.0 MiB)
[    5.588370] sd 2:0:1:0: [sdb] Write Protect is off
[    5.590949] sd 2:0:0:0: [sda] Write Protect is off
[    5.594101] sd 2:0:1:0: [sdb] Incomplete mode parameter data
[    5.597564] sd 2:0:1:0: [sdb] Assuming drive cache: write through
[    5.600908] sd 2:0:0:0: [sda] Incomplete mode parameter data
[    5.603815] sd 2:0:0:0: [sda] Assuming drive cache: write through
[    5.622316]  sda: sda1
[    5.629826] sd 2:0:0:0: [sda] Attached SCSI disk
[    5.632529] sd 2:0:1:0: [sdb] Attached SCSI disk
[    6.368317] e1000 0000:00:08.0 eth1: (PCI:33MHz:32-bit) 08:00:27:aa:e9:05
[    6.372144] e1000 0000:00:08.0 eth1: Intel(R) PRO/1000 Network Connection
[    6.376608] e1000 0000:00:08.0 enp0s8: renamed from eth1
[    6.398192] e1000 0000:00:03.0 enp0s3: renamed from eth0
Begin: Loading essential drivers ... [    7.870532] md: linear personality registered for level -1
[    7.876308] md: multipath personality registered for level -4
[    7.882823] md: raid0 personality registered for level 0
[    7.891001] md: raid1 personality registered for level 1
[    7.971368] raid6: sse2x1   gen()  4474 MB/s
[    8.039348] raid6: sse2x1   xor()  5062 MB/s
[    8.107291] raid6: sse2x2   gen()  8131 MB/s
[    8.175346] raid6: sse2x2   xor()  4289 MB/s
[    8.243324] raid6: sse2x4   gen()  7720 MB/s
[    8.311278] raid6: sse2x4   xor()  6813 MB/s
[    8.379272] raid6: avx2x1   gen() 12222 MB/s
[    8.447295] raid6: avx2x2   gen() 12636 MB/s
[    8.515251] raid6: avx2x4   gen() 15176 MB/s
[    8.516206] raid6: using algorithm avx2x4 gen() 15176 MB/s
[    8.517307] raid6: using avx2x2 recovery algorithm
[    8.520593] xor: automatically using best checksumming function:
[    8.563551]    avx       : 36503.000 MB/sec
[    8.566344] async_tx: api initialized (async)
[    8.584848] md: raid6 personality registered for level 6
[    8.586847] md: raid5 personality registered for level 5
[    8.588359] md: raid4 personality registered for level 4
[    8.598699] md: raid10 personality registered for level 10
done.
Begin: Running /scripts/init-premount ... done.
Begin: Mounting root file system ... Begin: Running /scripts/local-top ... done.
Begin: Running /scripts/local-premount ... [    8.648115] Btrfs loaded
Scanning for Btrfs filesystems
done.
Warning: fsck not present, so skipping root file system
[    8.700039] EXT4-fs (sda1): mounted filesystem with ordered data mode. Opts: (null)
done.
Begin: Running /scripts/local-bottom ... done.
Begin: Running /scripts/init-bottom ... done.
[    8.865466] systemd[1]: systemd 229 running in system mode. (+PAM +AUDIT +SELINUX +IMA +APPARMOR +SMACK +SYSVINIT +UTMP +LIBCRYPTSETUP +GCRYPT +GNUTLS +ACL +XZ -LZ4 +SECCOMP +BLKID +ELFUTILS +KMOD -IDN)
[    8.869659] systemd[1]: Detected virtualization oracle.
[    8.870996] systemd[1]: Detected architecture x86-64.

Welcome to [1mUbuntu 16.04.7 LTS[0m!

[    8.879787] systemd[1]: Set hostname to <ubuntu>.
[    8.884078] systemd[1]: Initializing machine ID from random generator.
[    8.885517] systemd[1]: Installed transient /etc/machine-id file.
[    9.652953] systemd[1]: Listening on udev Kernel Socket.
[[0;32m  OK  [0m] Listening on udev Kernel Socket.
[    9.655248] systemd[1]: Listening on LVM2 poll daemon socket.
[[0;32m  OK  [0m] Listening on LVM2 poll daemon socket.
[    9.657052] systemd[1]: Listening on Device-mapper event daemon FIFOs.
[[0;32m  OK  [0m] Listening on Device-mapper event daemon FIFOs.
[    9.659949] systemd[1]: Listening on Journal Socket.
[[0;32m  OK  [0m] Listening on Journal Socket.
[    9.661852] systemd[1]: Reached target Encrypted Volumes.
[[0;32m  OK  [0m] Reached target Encrypted Volumes.
[    9.665954] systemd[1]: Created slice System Slice.
[[0;32m  OK  [0m] Created slice System Slice.
[    9.679454] systemd[1]: Mounting Huge Pages File System...
         Mounting Huge Pages File System...
[    9.688398] systemd[1]: Starting Set console keymap...
         Starting Set console keymap...
[    9.691077] systemd[1]: Started Trigger resolvconf update for networkd DNS.
[[0;32m  OK  [0m] Started Trigger resolvconf update for networkd DNS.
[    9.696393] systemd[1]: Starting Load Kernel Modules...
         Starting Load Kernel Modules...
[    9.709966] systemd[1]: Listening on /dev/initctl Compatibility Named Pipe.
[[0;32m  OK  [0m] Listening on /dev/initctl Compatibility Named Pipe.
[    9.713438] systemd[1]: Listening on udev Control Socket.
[[0;32m  OK  [0m] Listening on udev Control Socket.
[    9.717627] systemd[1]: Created slice User and Session Slice.
[[0;32m  OK  [0m] Created slice User and Session Slice.
[    9.724199] Loading iSCSI transport class v2.0-870.
[    9.727488] systemd[1]: Reached target User and Group Name Lookups.
[[0;32m  OK  [0m] Reached target User and Group Name Lookups.
[    9.736948] iscsi: registered transport (tcp)
[    9.743626] systemd[1]: Mounting Debug File System...
         Mounting Debug File System...
[    9.748936] systemd[1]: Mounting POSIX Message Queue File System...
         Mounting POSIX Message Queue File System...
[    9.754845] systemd[1]: Starting Create list of required static device nodes for the current kernel...
         Starting Create list of required st... nodes for the current kernel...
[    9.760373] systemd[1]: Reached target Swap.
[[0;32m  OK  [0m] Reached target Swap.
[    9.763161] systemd[1]: Starting Uncomplicated firewall...
         Starting Uncomplicated firewall...
[    9.775633] systemd[1]: Listening on Journal Audit Socket.
[[0;32m  OK  [0m] Listening on Journal Audit Socket.
[    9.788929] systemd[1]: Created slice system-serial\x2dgetty.slice.
[[0;32m  OK  [0m] Created slice system-serial\x2dgetty.slice.
[    9.793423] systemd[1]: Reached target Slices.
[[0;32m  OK  [0m] Reached target Slices.
[    9.795699] systemd[1]: Listening on fsck to fsckd communication Socket.
[[0;32m  OK  [0m] Listening on fsck to fsckd communication Socket.
[    9.798891] systemd[1]: Reached target System Time Synchronized.
[[0;32m  OK  [0m] Reached target System Time Synchronized.
[    9.802260] systemd[1]: Started Forward Password Requests to Wall Directory Watch.
[[0;32m  OK  [0m] Started Forward Password Requests to Wall Directory Watch.
[    9.811731] iscsi: registered transport (iser)
[    9.819874] systemd[1]: Starting Nameserver information manager...
         Starting Nameserver information manager...
[    9.823373] systemd[1]: Listening on LVM2 metadata daemon socket.
[[0;32m  OK  [0m] Listening on LVM2 metadata daemon socket.
[    9.826842] systemd[1]: Starting Monitoring of LVM2 mirrors, snapshots etc. using dmeventd or progress polling...
         Starting Monitoring of LVM2 mirrors... dmeventd or progress polling...
[    9.833999] systemd[1]: Set up automount Arbitrary Executable File Formats File System Automount Point.
[[0;32m  OK  [0m] Set up automount Arbitrary Executab...ats File System Automount Point.
[    9.843083] systemd[1]: Starting File System Check on Root Device...
         Starting File System Check on Root Device...
[    9.846236] systemd[1]: Listening on Syslog Socket.
[[0;32m  OK  [0m] Listening on Syslog Socket.[    9.851977] random: nonblocking pool is initialized

[    9.854934] systemd[1]: Listening on Journal Socket (/dev/log).
[[0;32m  OK  [0m] Listening on Journal Socket (/dev/log).
[    9.859038] systemd[1]: Starting Journal Service...
         Starting Journal Service...
[    9.866898] systemd[1]: Mounted Huge Pages File System.
[[0;32m  OK  [0m] Mounted Huge Pages File System.
[    9.879582] systemd[1]: Mounted POSIX Message Queue File System.
[[0;32m  OK  [0m] Mounted POSIX Message Queue File System.
[    9.882365] systemd[1]: Mounted Debug File System.
[[0;32m  OK  [0m] Mounted Debug File System.
[    9.885889] systemd[1]: Started Set console keymap.
[[0;32m  OK  [0m] Started Set console keymap.
[    9.893129] systemd[1]: Started Load Kernel Modules.
[[0;32m  OK  [0m] Started Load Kernel Modules.
[    9.896200] systemd[1]: Started Create list of required static device nodes for the current kernel.
[[0;32m  OK  [0m] Started Create list of required sta...ce nodes for the current kernel.
[    9.903174] systemd[1]: Started Uncomplicated firewall.
[[0;32m  OK  [0m] Started Uncomplicated firewall.
[    9.916540] systemd[1]: Started File System Check on Root Device.
[[0;32m  OK  [0m] Started File System Check on Root Device.
[    9.923129] systemd[1]: Started Journal Service.
[[0;32m  OK  [0m] Started Journal Service.
[[0;32m  OK  [0m] Started Nameserver information manager.
[[0;32m  OK  [0m] Started LVM2 metadata daemon.
[[0;32m  OK  [0m] Started File System Check Daemon to report status.
         Starting Remount Root and Kernel File Systems...
         Starting Create Static Device Nodes in /dev...
         Starting Apply Kernel Variables...
[   10.015183] EXT4-fs (sda1): re-mounted. Opts: (null)
         Mounting FUSE Control File System...
[[0;32m  OK  [0m] Started Remount Root and Kernel File Systems.
[[0;32m  OK  [0m] Mounted FUSE Control File System.
         Starting Load/Save Random Seed...
         Starting Flush Journal to Persistent Storage...
         Starting udev Coldplug all Devices...
[[0;32m  OK  [0m] Started Load/Save Random Seed.
[[0;32m  OK  [0m] Started Apply Kernel Variables.
[[0;32m  OK  [0m] Started Flush Journal to Persistent Storage.
[[0;32m  OK  [0m] Started Create Static Device Nodes in /dev.
         Starting udev Kernel Device Manager...
[[0;32m  OK  [0m] Started Monitoring of LVM2 mirrors,...ng dmeventd or progress polling.
[[0;32m  OK  [0m] Reached target Local File Systems (Pre).
[[0;32m  OK  [0m] Reached target Local File Systems.
         Starting Create Volatile Files and Directories...
         Starting LSB: AppArmor initialization...
         Starting Set console font and keymap...
         Starting Commit a transient machine-id on disk...
         Starting Tell Plymouth To Write Out Runtime Data...
         Starting Initial cloud-init job (pre-networking)...
[[0;32m  OK  [0m] Started udev Kernel Device Manager.
[[0;32m  OK  [0m] Started udev Coldplug all Devices.
[[0;32m  OK  [0m] Started Create Volatile Files and Directories.
[[0;32m  OK  [0m] Started Tell Plymouth To Write Out Runtime Data.
         Starting Update UTMP about System Boot/Shutdown...
[[0;32m  OK  [0m] Started Dispatch Password Requests to Console Directory Watch.
[[0;32m  OK  [0m] Started Commit a transient machine-id on disk.
[[0;32m  OK  [0m] Started Update UTMP about System Boot/Shutdown.
[[0;32m  OK  [0m] Found device /dev/ttyS0.
[[0;32m  OK  [0m] Listening on Load/Save RF Kill Switch Status /dev/rfkill Watch.
[[0;32m  OK  [0m] Started Set console font and keymap.
[[0;32m  OK  [0m] Created slice system-getty.slice.
[   13.229100] cloud-init[511]: Cloud-init v. 21.1-19-gbad84ad4-0ubuntu1~16.04.2 running 'init-local' at Wed, 28 Jun 2023 11:11:38 +0000. Up 12.16 seconds.
[[0;32m  OK  [0m] Started Initial cloud-init job (pre-networking).
[[0;32m  OK  [0m] Reached target Network (Pre).
[[0;32m  OK  [0m] Started LSB: AppArmor initialization.
         Starting Load AppArmor profiles managed internally by snapd...
         Starting Raise network interfaces...
[[0;32m  OK  [0m] Started Load AppArmor profiles managed internally by snapd.
[[0;32m  OK  [0m] Started Raise network interfaces.
         Starting Initial cloud-init job (metadata service crawler)...
[[0;32m  OK  [0m] Reached target Network.
[   15.771908] cloud-init[981]: Cloud-init v. 21.1-19-gbad84ad4-0ubuntu1~16.04.2 running 'init' at Wed, 28 Jun 2023 11:11:40 +0000. Up 14.68 seconds.
[   15.774221] cloud-init[981]: ci-info: ++++++++++++++++++++++++++++++++++++++Net device info+++++++++++++++++++++++++++++++++++++++
[   15.777106] cloud-init[981]: ci-info: +--------+-------+----------------------------+---------------+--------+-------------------+
[   15.779305] cloud-init[981]: ci-info: | Device |   Up  |          Address           |      Mask     | Scope  |     Hw-Address    |
[   15.785406] cloud-init[981]: ci-info: +--------+-------+----------------------------+---------------+--------+-------------------+
[   15.793445] cloud-init[981]: ci-info: | enp0s3 |  True |         10.0.2.15          | 255.255.255.0 | global | 02:be:82:6b:cc:1d |
[   15.797763] cloud-init[981]: ci-info: | enp0s3 |  True | fe80::be:82ff:fe6b:cc1d/64 |       .       |  link  | 02:be:82:6b:cc:1d |
[   15.801912] cloud-init[981]: ci-info: | enp0s8 | False |             .              |       .       |   .    | 08:00:27:aa:e9:05 |
[   15.804226] cloud-init[981]: ci-info: |   lo   |  True |         127.0.0.1          |   255.0.0.0   |  host  |         .         |
[   15.806481] cloud-init[981]: ci-info: |   lo   |  True |          ::1/128           |       .       |  host  |         .         |
[   15.808411] cloud-init[981]: ci-info: +--------+-------+----------------------------+---------------+--------+-------------------+
[   15.811552] cloud-init[981]: ci-info: +++++++++++++++++++++++++++Route IPv4 info++++++++++++++++++++++++++++
[   15.816693] cloud-init[981]: ci-info: +-------+-------------+----------+---------------+-----------+-------+
[   15.819716] cloud-init[981]: ci-info: | Route | Destination | Gateway  |    Genmask    | Interface | Flags |
[   15.822827] cloud-init[981]: ci-info: +-------+-------------+----------+---------------+-----------+-------+
[   15.824809] cloud-init[981]: ci-info: |   0   |   0.0.0.0   | 10.0.2.2 |    0.0.0.0    |   enp0s3  |   UG  |
[   15.826979] cloud-init[981]: ci-info: |   1   |   10.0.2.0  | 0.0.0.0  | 255.255.255.0 |   enp0s3  |   U   |
[   15.829250] cloud-init[981]: ci-info: +-------+-------------+----------+---------------+-----------+-------+
[   15.831828] cloud-init[981]: ci-info: +++++++++++++++++++Route IPv6 info+++++++++++++++++++
[   15.833452] cloud-init[981]: ci-info: +-------+-------------+---------+-----------+-------+
[   15.835117] cloud-init[981]: ci-info: | Route | Destination | Gateway | Interface | Flags |
[   15.836522] cloud-init[981]: ci-info: +-------+-------------+---------+-----------+-------+
[   15.838282] cloud-init[981]: ci-info: |   0   |  fe80::/64  |    ::   |   enp0s3  |   U   |
[   15.839598] cloud-init[981]: ci-info: |   3   |   ff00::/8  |    ::   |   enp0s3  |   U   |
[   15.840833] cloud-init[981]: ci-info: +-------+-------------+---------+-----------+-------+
[   15.842014] cloud-init[981]: Generating public/private rsa key pair.
[   15.849872] cloud-init[981]: Your identification has been saved in /etc/ssh/ssh_host_rsa_key.
[   15.851908] cloud-init[981]: Your public key has been saved in /etc/ssh/ssh_host_rsa_key.pub.
[   15.853749] cloud-init[981]: The key fingerprint is:
[   15.860602] cloud-init[981]: SHA256:FVbTjzwxNjmz6ZE73xjXNEN9R4YKdcSWjEPhfRG04+8 root@ubuntu-xenial
[   15.862302] cloud-init[981]: The key's randomart image is:
[   15.864107] cloud-init[981]: +---[RSA 2048]----+
[   15.866124] cloud-init[981]: |          o+*B+O=|
[   15.867977] cloud-init[981]: |         ..oo+/o*|
[   15.869382] cloud-init[981]: |          ...*o#+|
[   15.870738] cloud-init[981]: |         .  . X++|
[   15.871989] cloud-init[981]: |        S    . *+|
[   15.873388] cloud-init[981]: |              = +|
[   15.874682] cloud-init[981]: |               *o|
[   15.880769] cloud-init[981]: |              ..o|
[   15.882867] cloud-init[981]: |                E|
[   15.884815] cloud-init[981]: +----[SHA256]-----+
[   15.887487] cloud-init[981]: Generating public/private dsa key pair.
[   15.889203] cloud-init[981]: Your identification has been saved in /etc/ssh/ssh_host_dsa_key.
[   15.890498] cloud-init[981]: Your public key has been saved in /etc/ssh/ssh_host_dsa_key.pub.
[   15.891770] cloud-init[981]: The key fingerprint is:
[   15.892759] cloud-init[981]: SHA256:qtJ/PIaYRIEqh72vvOdk04670XDuPBdOnwytSPb8wz4 root@ubuntu-xenial
[   15.895422] cloud-init[981]: The key's randomart image is:
[   15.897734] cloud-init[981]: +---[DSA 1024]----+
[   15.899704] cloud-init[981]: |   .             |
[   15.901572] cloud-init[981]: |  . .            |
[   15.902809] cloud-init[981]: | +   .           |
[   15.904004] cloud-init[981]: |+ o .            |
[   15.905365] cloud-init[981]: |.. o. . S.       |
[   15.906283] cloud-init[981]: |  . .*o.+ .      |
[   15.907076] cloud-init[981]: |   +===O B .     |
[   15.908225] cloud-init[981]: | ..o*O+ @ E      |
[   15.909560] cloud-init[981]: |  +**+== +oo     |
[   15.911212] cloud-init[981]: +----[SHA256]-----+
[   15.915472] cloud-init[981]: Generating public/private ecdsa key pair.
[   15.920098] cloud-init[981]: Your identification has been saved in /etc/ssh/ssh_host_ecdsa_key.
[   15.922097] cloud-init[981]: Your public key has been saved in /etc/ssh/ssh_host_ecdsa_key.pub.
[   15.923743] cloud-init[981]: The key fingerprint is:
[   15.924987] cloud-init[981]: SHA256:8PlETsaicQwfRAKMmUexP6Xm9vKmH+z5iljt6JdV9lQ root@ubuntu-xenial
[   15.926756] cloud-init[981]: The key's randomart image is:
[   15.928123] cloud-init[981]: +---[ECDSA 256]---+
[   15.930050] cloud-init[981]: |   *+ooo+        |
[   15.933011] cloud-init[981]: |  + o. = o      E|
[   15.934124] cloud-init[981]: |   .. o * =    . |
[   15.935143] cloud-init[981]: |     . O B  o .  |
[   15.936305] cloud-init[981]: |      * S oo o   |
[   15.937536] cloud-init[981]: |     o + o.   .  |
[   15.937694] cloud-init[981]: |      + +o.      |
[[0;32m  OK  [0m] Started Initial cloud-init job (metadata service crawler).
[   15.937928] cloud-init[981]: |     +.*+o       |
[   15.940692] cloud-init[981]: |    ..=BOo.      |
[   15.940845] cloud-init[981]: +----[SHA256]-----+
[   15.941320] cloud-init[981]: Generating public/private ed25519 key pair.
[   15.941834] cloud-init[981]: Your identification has been saved in /etc/ssh/ssh_host_ed25519_key.
[   15.942358] cloud-init[981]: Your public key has been saved in /etc/ssh/ssh_host_ed25519_key.pub.
[   15.942930] cloud-init[981]: The key fingerprint is:
[   15.943839] cloud-init[981]: SHA256:z15GBtNB+aLTToCbvw6Lu/8DvvXrTjLKw2qQWWAV3ZQ root@ubuntu-xenial
[   15.945116] cloud-init[981]: The key's randomart image is:
[   15.946209] cloud-init[981]: +--[ED25519 256]--+
[   15.946693] cloud-init[981]: |     .oo o.oo.   |
[   15.947372] cloud-init[981]: |    o   . E...   |
[   15.947879] cloud-init[981]: |   . .   .o ..   |
[[0;32m  OK  [0m] Reached target System Initialization.
[   15.947991] cloud-init[981]: |      . . .o. .  |
[   15.953465] cloud-init[981]: |     +  So +o.   |
[   15.954406] cloud-init[981]: |    +   +oooo    |
[   15.955325] cloud-init[981]: |     . o.o*++    |
         Starting LXD - unix socket.
[[0;32m  OK  [0m] Listening on ACPID Listen Socket.[   15.957316] 
cloud-init[981]: |      .o+*oB.    |
[   15.957469] cloud-init[981]: |     .==*====.   |
[   15.957855] cloud-init[981]: +----[SHA256]-----+
         Starting Socket activation for snappy daemon.
[[0;32m  OK  [0m] Started Daily apt download activities.
[[0;32m  OK  [0m] Started Message of the Day.
[[0;32m  OK  [0m] Started Ubuntu Advantage update messaging.
[[0;32m  OK  [0m] Listening on UUID daemon activation socket.
[[0;32m  OK  [0m] Started ACPI Events Check.
[[0;32m  OK  [0m] Reached target Paths.
[[0;32m  OK  [0m] Started Daily Cleanup of Temporary Directories.
[[0;32m  OK  [0m] Started Daily apt upgrade and clean activities.
[[0;32m  OK  [0m] Reached target Timers.
[[0;32m  OK  [0m] Listening on D-Bus System Message Bus Socket.
[[0;32m  OK  [0m] Reached target Cloud-config availability.
[[0;32m  OK  [0m] Reached target Network is Online.
         Starting iSCSI initiator daemon (iscsid)...
[[0;32m  OK  [0m] Listening on LXD - unix socket.
[[0;32m  OK  [0m] Listening on Socket activation for snappy daemon.
[[0;32m  OK  [0m] Reached target Sockets.
[[0;32m  OK  [0m] Reached target Basic System.
         Starting LSB: MD monitoring daemon...
         Starting Login Service...
[[0;32m  OK  [0m] Started FUSE filesystem for LXC.
         Starting Accounts Service...
[[0;32m  OK  [0m] Started ACPI event daemon.
         Starting Snap Daemon...
[[0;32m  OK  [0m] Started D-Bus System Message Bus.
         Starting /etc/rc.local Compatibility...
         Starting LSB: Record successful boot for GRUB...
[[0;32m  OK  [0m] Started Deferred execution scheduler.
         Starting Virtualbox guest utils...
         Starting Pollinate to seed the pseudo random number generator...
         Starting System Logging Service...
         Starting LXD - container startup/shutdown...
[[0;32m  OK  [0m] Started Regular background program processing daemon.
[[0;32m  OK  [0m] Started /etc/rc.local Compatibility.
[[0;32m  OK  [0m] Started Login Service.
[[0;32m  OK  [0m] Started Unattended Upgrades Shutdown.
         Starting Authenticate and Authorize Users to Run Privileged Tasks...
[[0;32m  OK  [0m] Started System Logging Service.
[[0;32m  OK  [0m] Started iSCSI initiator daemon (iscsid).
         Starting Login to default iSCSI targets...
[[0;32m  OK  [0m] Started LSB: MD monitoring daemon.
[[0;32m  OK  [0m] Started LSB: Record successful boot for GRUB.
[[0;32m  OK  [0m] Started Authenticate and Authorize Users to Run Privileged Tasks.
[[0;32m  OK  [0m] Started Accounts Service.
[[0;32m  OK  [0m] Started Login to default iSCSI targets.
[[0;32m  OK  [0m] Reached target Remote File Systems (Pre).
[[0;32m  OK  [0m] Reached target Remote File Systems.
         Starting Permit User Sessions...
         Starting LSB: Set the CPU Frequency Scaling governor to "ondemand"...
         Starting LSB: automatic crash report generation...
         Starting LSB: daemon to balance interrupts for SMP systems...
[[0;32m  OK  [0m] Started Permit User Sessions.
         Starting Terminate Plymouth Boot Screen...
         Starting Hold until boot process finishes up...
[[0;32m  OK  [0m] Started Terminate Plymouth Boot Screen.
[[0;32m  OK  [0m] Started Hold until boot process finishes up.
[[0;32m  OK  [0m] Started Serial Getty on ttyS0.
         Starting Set console scheme...
[[0;32m  OK  [0m] Started Getty on tty1.
[[0;32m  OK  [0m] Reached target Login Prompts.
[[0;32m  OK  [0m] Started Virtualbox guest utils.
[[0;32m  OK  [0m] Started Set console scheme.
[[0;32m  OK  [0m] Started LSB: Set the CPU Frequency Scaling governor to "ondemand".
[[0;32m  OK  [0m] Started LSB: automatic crash report generation.
[[0;32m  OK  [0m] Started LSB: daemon to balance interrupts for SMP systems.
[[0;32m  OK  [0m] Started LXD - container startup/shutdown.
[[0;32m  OK  [0m] Started Snap Daemon.
         Starting Wait until snapd is fully seeded...
[[0;32m  OK  [0m] Started Pollinate to seed the pseudo random number generator.
         Starting OpenBSD Secure Shell server...
[[0;32m  OK  [0m] Started OpenBSD Secure Shell server.
[[0;32m  OK  [0m] Started Wait until snapd is fully seeded.
         Starting Apply the settings specified in cloud-config...
[[0;32m  OK  [0m] Reached target Multi-User System.
[[0;32m  OK  [0m] Reached target Graphical Interface.
         Starting Update UTMP about System Runlevel Changes...
[[0;32m  OK  [0m] Started Update UTMP about System Runlevel Changes.
[[0;32m  OK  [0m] Created slice User Slice of vagrant.
         Starting User Manager for UID 1000...
[[0;32m  OK  [0m] Started Session 1 of user vagrant.
[[0;32m  OK  [0m] Started User Manager for UID 1000.
[   20.508397] cloud-init[1336]: Generating locales (this might take a while)...

Ubuntu 16.04.7 LTS ubuntu-xenial ttyS0

ubuntu-xenial login: [   22.639498] cloud-init[1336]:   en_US.UTF-8... done
[   22.642093] cloud-init[1336]: Generation complete.
[   23.393240] cloud-init[1336]: Cloud-init v. 21.1-19-gbad84ad4-0ubuntu1~16.04.2 running 'modules:config' at Wed, 28 Jun 2023 11:11:46 +0000. Up 20.23 seconds.
ci-info: no authorized SSH keys fingerprints found for user ubuntu.
<14>Jun 28 11:11:50 ec2: 
<14>Jun 28 11:11:50 ec2: #############################################################
<14>Jun 28 11:11:50 ec2: -----BEGIN SSH HOST KEY FINGERPRINTS-----
<14>Jun 28 11:11:50 ec2: 1024 SHA256:qtJ/PIaYRIEqh72vvOdk04670XDuPBdOnwytSPb8wz4 root@ubuntu-xenial (DSA)
<14>Jun 28 11:11:50 ec2: 256 SHA256:8PlETsaicQwfRAKMmUexP6Xm9vKmH+z5iljt6JdV9lQ root@ubuntu-xenial (ECDSA)
<14>Jun 28 11:11:50 ec2: 256 SHA256:z15GBtNB+aLTToCbvw6Lu/8DvvXrTjLKw2qQWWAV3ZQ root@ubuntu-xenial (ED25519)
<14>Jun 28 11:11:50 ec2: 2048 SHA256:FVbTjzwxNjmz6ZE73xjXNEN9R4YKdcSWjEPhfRG04+8 root@ubuntu-xenial (RSA)
<14>Jun 28 11:11:50 ec2: -----END SSH HOST KEY FINGERPRINTS-----
<14>Jun 28 11:11:50 ec2: #############################################################
-----BEGIN SSH HOST KEY KEYS-----
ecdsa-sha2-nistp256 AAAAE2VjZHNhLXNoYTItbmlzdHAyNTYAAAAIbmlzdHAyNTYAAABBBB3N3tA5lJIm/XRJ9eSpG3noxTBFYaytnk2xz93D2haT2Ljn4Ngx0hL8koHv1R23usJ6mHNelqLqpGmL1ZB10og= root@ubuntu-xenial
ssh-ed25519 AAAAC3NzaC1lZDI1NTE5AAAAIKWr8RiSvzQAcsHVn9L7enp308A+wCVpKPIzgO02HQVe root@ubuntu-xenial
ssh-rsa AAAAB3NzaC1yc2EAAAADAQABAAABAQC9dRSMMGYqD792c2M1aH+Ww6D19bDtA58ghXfhTAGgBjfungI+lIuMuUUK03HRpyluL1UBO0dpcI22lt5X2WXdKlVvN2/fcPUBRYLBmF1k8YEyR1Iw1qlQcCsLRPPzGeq/LexxofkrSB4Zw/H1R19pWG1VI0SQOUL/zIaxCWV7hbRBXNo96U2zvmxx8SsxcQsxcH9/OwsqSwkhc2+5jAJ+pUbcBbCyaHnyaW1IvVs+Wgox0GwtVCDLlJ4KMQGryCn0kkSK/7pg20uL30zRVthlRiWE3ooUHSjzT7oMygPFkvXp6OLXL9qW3xnofgwaJtuhAvDOY76IDEKDGtP6UM83 root@ubuntu-xenial
-----END SSH HOST KEY KEYS-----
[   24.453331] cloud-init[1514]: Cloud-init v. 21.1-19-gbad84ad4-0ubuntu1~16.04.2 running 'modules:final' at Wed, 28 Jun 2023 11:11:50 +0000. Up 24.15 seconds.
[   24.456115] cloud-init[1514]: ci-info: no authorized SSH keys fingerprints found for user ubuntu.
[   24.456495] cloud-init[1514]: Cloud-init v. 21.1-19-gbad84ad4-0ubuntu1~16.04.2 finished at Wed, 28 Jun 2023 11:11:50 +0000. Datasource DataSourceNoCloud [seed=/dev/sdb][dsmode=net].  Up 24.44 seconds
